This file contains any messages produced by compilers while
running configure, to aid debugging if configure makes a mistake.

It was created by thrift configure 0.12.0, which was
generated by GNU Autoconf 2.69.  Invocation command line was

  $ ./configure 

## --------- ##
## Platform. ##
## --------- ##

hostname = MacBook-Pro-Mat.local
uname -m = x86_64
uname -r = 18.5.0
uname -s = Darwin
uname -v = Darwin Kernel Version 18.5.0: Mon Mar 11 20:40:32 PDT 2019; root:xnu-4903.251.3~3/RELEASE_X86_64

/usr/bin/uname -p = i386
/bin/uname -X     = unknown

/bin/arch              = unknown
/usr/bin/arch -k       = unknown
/usr/convex/getsysinfo = unknown
/usr/bin/hostinfo      = Mach kernel version:
	 Darwin Kernel Version 18.5.0: Mon Mar 11 20:40:32 PDT 2019; root:xnu-4903.251.3~3/RELEASE_X86_64
Kernel configured for up to 4 processors.
2 processors are physically available.
4 processors are logically available.
Processor type: x86_64h (Intel x86-64h Haswell)
Processors active: 0 1 2 3
Primary memory available: 8.00 gigabytes
Default processor set: 412 tasks, 2084 threads, 4 processors
Load average: 1.62, Mach factor: 2.37
/bin/machine           = unknown
/usr/bin/oslevel       = unknown
/bin/universe          = unknown

PATH: /usr/local/bin
PATH: /usr/bin
PATH: /bin
PATH: /usr/sbin
PATH: /sbin


## ----------- ##
## Core tests. ##
## ----------- ##

configure:3139: checking for a BSD-compatible install
configure:3207: result: /usr/bin/install -c
configure:3218: checking whether build environment is sane
configure:3273: result: yes
configure:3424: checking for a thread-safe mkdir -p
configure:3463: result: ./install-sh -c -d
configure:3470: checking for gawk
configure:3500: result: no
configure:3470: checking for mawk
configure:3500: result: no
configure:3470: checking for nawk
configure:3500: result: no
configure:3470: checking for awk
configure:3486: found /usr/bin/awk
configure:3497: result: awk
configure:3508: checking whether make sets $(MAKE)
configure:3530: result: yes
configure:3559: checking whether make supports nested variables
configure:3576: result: yes
configure:3665: checking whether UID '502' is supported by ustar format
configure:3668: result: yes
configure:3675: checking whether GID '20' is supported by ustar format
configure:3678: result: yes
configure:3686: checking how to create a ustar tar archive
configure:3697: tar --version
bsdtar 2.8.3 - libarchive 2.8.3
configure:3700: $? = 0
configure:3740: tardir=conftest.dir && eval tar --format=ustar -chf - "$tardir" >conftest.tar
configure:3743: $? = 0
configure:3747: tar -xf - <conftest.tar
configure:3750: $? = 0
configure:3752: cat conftest.dir/file
GrepMe
configure:3755: $? = 0
configure:3768: result: gnutar
configure:3921: checking for gcc
configure:3937: found /usr/bin/gcc
configure:3948: result: gcc
configure:4177: checking for C compiler version
configure:4186: gcc --version >&5
Apple LLVM version 10.0.1 (clang-1001.0.46.4)
Target: x86_64-apple-darwin18.5.0
Thread model: posix
InstalledDir: /Library/Developer/CommandLineTools/usr/bin
Configured with: --prefix=/Library/Developer/CommandLineTools/usr --with-gxx-include-dir=/Library/Developer/CommandLineTools/SDKs/MacOSX10.14.sdk/usr/include/c++/4.2.1
configure:4197: $? = 0
configure:4186: gcc -v >&5
Configured with: --prefix=/Library/Developer/CommandLineTools/usr --with-gxx-include-dir=/Library/Developer/CommandLineTools/SDKs/MacOSX10.14.sdk/usr/include/c++/4.2.1
Apple LLVM version 10.0.1 (clang-1001.0.46.4)
Target: x86_64-apple-darwin18.5.0
Thread model: posix
InstalledDir: /Library/Developer/CommandLineTools/usr/bin
configure:4197: $? = 0
configure:4186: gcc -V >&5
clang: error: unsupported option '-V -Wno-atomic-implicit-seq-cst'
clang: error: no input files
configure:4197: $? = 1
configure:4186: gcc -qversion >&5
clang: error: unknown argument '-qversion', did you mean '--version'?
clang: error: no input files
configure:4197: $? = 1
configure:4217: checking whether the C compiler works
configure:4239: gcc    conftest.c  >&5
configure:4243: $? = 0
configure:4291: result: yes
configure:4294: checking for C compiler default output file name
configure:4296: result: a.out
configure:4302: checking for suffix of executables
configure:4309: gcc -o conftest    conftest.c  >&5
configure:4313: $? = 0
configure:4335: result: 
configure:4357: checking whether we are cross compiling
configure:4365: gcc -o conftest    conftest.c  >&5
configure:4369: $? = 0
configure:4376: ./conftest
configure:4380: $? = 0
configure:4395: result: no
configure:4400: checking for suffix of object files
configure:4422: gcc -c   conftest.c >&5
configure:4426: $? = 0
configure:4447: result: o
configure:4451: checking whether we are using the GNU C compiler
configure:4470: gcc -c   conftest.c >&5
configure:4470: $? = 0
configure:4479: result: yes
configure:4488: checking whether gcc accepts -g
configure:4508: gcc -c -g  conftest.c >&5
configure:4508: $? = 0
configure:4549: result: yes
configure:4566: checking for gcc option to accept ISO C89
configure:4629: gcc  -c -g -O2  conftest.c >&5
configure:4629: $? = 0
configure:4642: result: none needed
configure:4667: checking whether gcc understands -c and -o together
configure:4689: gcc -c conftest.c -o conftest2.o
configure:4692: $? = 0
configure:4689: gcc -c conftest.c -o conftest2.o
configure:4692: $? = 0
configure:4704: result: yes
configure:4724: checking whether make supports the include directive
configure:4739: make -f confmf.GNU && cat confinc.out
this is the am__doit target
configure:4742: $? = 0
configure:4761: result: yes (GNU style)
configure:4786: checking dependency style of gcc
configure:4897: result: gcc3
configure:4917: checking how to run the C preprocessor
configure:4948: gcc -E  conftest.c
configure:4948: $? = 0
configure:4962: gcc -E  conftest.c
conftest.c:11:10: fatal error: 'ac_nonexistent.h' file not found
#include <ac_nonexistent.h>
         ^~~~~~~~~~~~~~~~~~
1 error generated.
configure:4962: $? = 1
configure: failed program was:
| /* confdefs.h */
| #define PACKAGE_NAME "thrift"
| #define PACKAGE_TARNAME "thrift"
| #define PACKAGE_VERSION "0.12.0"
| #define PACKAGE_STRING "thrift 0.12.0"
| #define PACKAGE_BUGREPORT ""
| #define PACKAGE_URL ""
| #define PACKAGE "thrift"
| #define VERSION "0.12.0"
| /* end confdefs.h.  */
| #include <ac_nonexistent.h>
configure:4987: result: gcc -E
configure:5007: gcc -E  conftest.c
configure:5007: $? = 0
configure:5021: gcc -E  conftest.c
conftest.c:11:10: fatal error: 'ac_nonexistent.h' file not found
#include <ac_nonexistent.h>
         ^~~~~~~~~~~~~~~~~~
1 error generated.
configure:5021: $? = 1
configure: failed program was:
| /* confdefs.h */
| #define PACKAGE_NAME "thrift"
| #define PACKAGE_TARNAME "thrift"
| #define PACKAGE_VERSION "0.12.0"
| #define PACKAGE_STRING "thrift 0.12.0"
| #define PACKAGE_BUGREPORT ""
| #define PACKAGE_URL ""
| #define PACKAGE "thrift"
| #define VERSION "0.12.0"
| /* end confdefs.h.  */
| #include <ac_nonexistent.h>
configure:5107: checking for g++
configure:5123: found /usr/bin/g++
configure:5134: result: g++
configure:5161: checking for C++ compiler version
configure:5170: g++ --version >&5
Apple LLVM version 10.0.1 (clang-1001.0.46.4)
Target: x86_64-apple-darwin18.5.0
Thread model: posix
InstalledDir: /Library/Developer/CommandLineTools/usr/bin
Configured with: --prefix=/Library/Developer/CommandLineTools/usr --with-gxx-include-dir=/Library/Developer/CommandLineTools/SDKs/MacOSX10.14.sdk/usr/include/c++/4.2.1
configure:5181: $? = 0
configure:5170: g++ -v >&5
Configured with: --prefix=/Library/Developer/CommandLineTools/usr --with-gxx-include-dir=/Library/Developer/CommandLineTools/SDKs/MacOSX10.14.sdk/usr/include/c++/4.2.1
Apple LLVM version 10.0.1 (clang-1001.0.46.4)
Target: x86_64-apple-darwin18.5.0
Thread model: posix
InstalledDir: /Library/Developer/CommandLineTools/usr/bin
configure:5181: $? = 0
configure:5170: g++ -V >&5
clang: error: unsupported option '-V -Wno-atomic-implicit-seq-cst'
clang: error: no input files
configure:5181: $? = 1
configure:5170: g++ -qversion >&5
clang: error: unknown argument '-qversion', did you mean '--version'?
clang: error: no input files
configure:5181: $? = 1
configure:5185: checking whether we are using the GNU C++ compiler
configure:5204: g++ -c   conftest.cpp >&5
configure:5204: $? = 0
configure:5213: result: yes
configure:5222: checking whether g++ accepts -g
configure:5242: g++ -c -g  conftest.cpp >&5
configure:5242: $? = 0
configure:5283: result: yes
configure:5308: checking dependency style of g++
configure:5419: result: gcc3
configure:5464: checking build system type
configure:5478: result: x86_64-apple-darwin18.5.0
configure:5498: checking host system type
configure:5511: result: x86_64-apple-darwin18.5.0
configure:5552: checking how to print strings
configure:5579: result: printf
configure:5600: checking for a sed that does not truncate output
configure:5664: result: /usr/bin/sed
configure:5682: checking for grep that handles long lines and -e
configure:5740: result: /usr/bin/grep
configure:5745: checking for egrep
configure:5807: result: /usr/bin/grep -E
configure:5812: checking for fgrep
configure:5874: result: /usr/bin/grep -F
configure:5909: checking for ld used by gcc
configure:5976: result: /Library/Developer/CommandLineTools/usr/bin/ld
configure:5983: checking if the linker (/Library/Developer/CommandLineTools/usr/bin/ld) is GNU ld
configure:5998: result: no
configure:6010: checking for BSD- or MS-compatible name lister (nm)
configure:6064: result: /usr/bin/nm -B
configure:6194: checking the name lister (/usr/bin/nm -B) interface
configure:6201: gcc -c -g -O2  conftest.c >&5
configure:6204: /usr/bin/nm -B "conftest.o"
configure:6207: output
00000000000001e0 S _some_variable
configure:6214: result: BSD nm
configure:6217: checking whether ln -s works
configure:6221: result: yes
configure:6229: checking the maximum length of command line arguments
configure:6360: result: 196608
configure:6408: checking how to convert x86_64-apple-darwin18.5.0 file names to x86_64-apple-darwin18.5.0 format
configure:6448: result: func_convert_file_noop
configure:6455: checking how to convert x86_64-apple-darwin18.5.0 file names to toolchain format
configure:6475: result: func_convert_file_noop
configure:6482: checking for /Library/Developer/CommandLineTools/usr/bin/ld option to reload object files
configure:6489: result: -r
configure:6563: checking for objdump
configure:6579: found /usr/bin/objdump
configure:6590: result: objdump
configure:6622: checking how to recognize dependent libraries
configure:6822: result: pass_all
configure:6907: checking for dlltool
configure:6937: result: no
configure:6967: checking how to associate runtime and link libraries
configure:6994: result: printf %s\n
configure:7055: checking for ar
configure:7071: found /usr/bin/ar
configure:7082: result: ar
configure:7119: checking for archiver @FILE support
configure:7136: gcc -c -g -O2  conftest.c >&5
configure:7136: $? = 0
configure:7139: ar cru libconftest.a @conftest.lst >&5
ar: @conftest.lst: No such file or directory
configure:7142: $? = 1
configure:7162: result: no
configure:7220: checking for strip
configure:7236: found /usr/bin/strip
configure:7247: result: strip
configure:7319: checking for ranlib
configure:7335: found /usr/bin/ranlib
configure:7346: result: ranlib
configure:7448: checking command to parse /usr/bin/nm -B output from gcc object
configure:7601: gcc -c -g -O2  conftest.c >&5
configure:7604: $? = 0
configure:7608: /usr/bin/nm -B conftest.o \| sed -n -e 's/^.*[ ]\([BCDEGRST][BCDEGRST]*\)[ ][ ]*\([_A-Za-z][_A-Za-z0-9]*\)$/\1 \2 \2/p' | sed '/ __gnu_lto/d' \> conftest.nm
configure:7611: $? = 0
cannot find nm_test_var in conftest.nm
configure:7601: gcc -c -g -O2  conftest.c >&5
configure:7604: $? = 0
configure:7608: /usr/bin/nm -B conftest.o \| sed -n -e 's/^.*[ ]\([BCDEGRST][BCDEGRST]*\)[ ][ ]*_\([_A-Za-z][_A-Za-z0-9]*\)$/\1 _\2 \2/p' | sed '/ __gnu_lto/d' \> conftest.nm
configure:7611: $? = 0
configure:7677: gcc -o conftest -g -O2   conftest.c conftstm.o >&5
warning: (x86_64)  could not find object file symbol for symbol _main
configure:7680: $? = 0
configure:7718: result: ok
configure:7765: checking for sysroot
configure:7795: result: no
configure:7802: checking for a working dd
configure:7840: result: /bin/dd
configure:7844: checking how to truncate binary pipes
configure:7859: result: /bin/dd bs=4096 count=1
configure:8188: checking for mt
configure:8218: result: no
configure:8238: checking if : is a manifest tool
configure:8244: : '-?'
configure:8252: result: no
configure:8308: checking for dsymutil
configure:8324: found /usr/bin/dsymutil
configure:8335: result: dsymutil
configure:8400: checking for nmedit
configure:8416: found /usr/bin/nmedit
configure:8427: result: nmedit
configure:8492: checking for lipo
configure:8508: found /usr/bin/lipo
configure:8519: result: lipo
configure:8584: checking for otool
configure:8600: found /usr/bin/otool
configure:8611: result: otool
configure:8676: checking for otool64
configure:8706: result: no
configure:8751: checking for -single_module linker flag
gcc -g -O2  -o libconftest.dylib -dynamiclib -Wl,-single_module conftest.c
configure:8784: result: yes
configure:8787: checking for -exported_symbols_list linker flag
configure:8807: gcc -o conftest -g -O2   -Wl,-exported_symbols_list,conftest.sym conftest.c  >&5
configure:8807: $? = 0
configure:8817: result: yes
configure:8820: checking for -force_load linker flag
gcc -g -O2 -c -o conftest.o conftest.c
ar cru libconftest.a conftest.o
ranlib libconftest.a
gcc -g -O2  -o conftest conftest.c -Wl,-force_load,./libconftest.a
configure:8852: result: yes
configure:8925: checking for ANSI C header files
configure:8945: gcc -c -g -O2  conftest.c >&5
configure:8945: $? = 0
configure:9018: gcc -o conftest -g -O2   conftest.c  >&5
configure:9018: $? = 0
configure:9018: ./conftest
configure:9018: $? = 0
configure:9029: result: yes
configure:9042: checking for sys/types.h
configure:9042: gcc -c -g -O2  conftest.c >&5
configure:9042: $? = 0
configure:9042: result: yes
configure:9042: checking for sys/stat.h
configure:9042: gcc -c -g -O2  conftest.c >&5
configure:9042: $? = 0
configure:9042: result: yes
configure:9042: checking for stdlib.h
configure:9042: gcc -c -g -O2  conftest.c >&5
configure:9042: $? = 0
configure:9042: result: yes
configure:9042: checking for string.h
configure:9042: gcc -c -g -O2  conftest.c >&5
configure:9042: $? = 0
configure:9042: result: yes
configure:9042: checking for memory.h
configure:9042: gcc -c -g -O2  conftest.c >&5
configure:9042: $? = 0
configure:9042: result: yes
configure:9042: checking for strings.h
configure:9042: gcc -c -g -O2  conftest.c >&5
configure:9042: $? = 0
configure:9042: result: yes
configure:9042: checking for inttypes.h
configure:9042: gcc -c -g -O2  conftest.c >&5
configure:9042: $? = 0
configure:9042: result: yes
configure:9042: checking for stdint.h
configure:9042: gcc -c -g -O2  conftest.c >&5
configure:9042: $? = 0
configure:9042: result: yes
configure:9042: checking for unistd.h
configure:9042: gcc -c -g -O2  conftest.c >&5
configure:9042: $? = 0
configure:9042: result: yes
configure:9056: checking for dlfcn.h
configure:9056: gcc -c -g -O2  conftest.c >&5
configure:9056: $? = 0
configure:9056: result: yes
configure:9323: checking for objdir
configure:9338: result: .libs
configure:9602: checking if gcc supports -fno-rtti -fno-exceptions
configure:9620: gcc -c -g -O2  -fno-rtti -fno-exceptions conftest.c >&5
configure:9624: $? = 0
configure:9637: result: yes
configure:9995: checking for gcc option to produce PIC
configure:10002: result: -fno-common -DPIC
configure:10010: checking if gcc PIC flag -fno-common -DPIC works
configure:10028: gcc -c -g -O2  -fno-common -DPIC -DPIC conftest.c >&5
configure:10032: $? = 0
configure:10045: result: yes
configure:10074: checking if gcc static flag -static works
configure:10102: result: no
configure:10117: checking if gcc supports -c -o file.o
configure:10138: gcc -c -g -O2  -o out/conftest2.o conftest.c >&5
configure:10142: $? = 0
configure:10164: result: yes
configure:10172: checking if gcc supports -c -o file.o
configure:10219: result: yes
configure:10252: checking whether the gcc linker (/Library/Developer/CommandLineTools/usr/bin/ld) supports shared libraries
configure:11511: result: yes
configure:11751: checking dynamic linker characteristics
configure:12569: result: darwin18.5.0 dyld
configure:12691: checking how to hardcode library paths into programs
configure:12716: result: immediate
configure:13264: checking whether stripping libraries is possible
configure:13278: result: yes
configure:13304: checking if libtool supports shared libraries
configure:13306: result: yes
configure:13309: checking whether to build shared libraries
configure:13334: result: yes
configure:13337: checking whether to build static libraries
configure:13341: result: yes
configure:13364: checking how to run the C++ preprocessor
configure:13391: g++ -E  conftest.cpp
configure:13391: $? = 0
configure:13405: g++ -E  conftest.cpp
conftest.cpp:23:10: fatal error: 'ac_nonexistent.h' file not found
#include <ac_nonexistent.h>
         ^~~~~~~~~~~~~~~~~~
1 error generated.
configure:13405: $? = 1
configure: failed program was:
| /* confdefs.h */
| #define PACKAGE_NAME "thrift"
| #define PACKAGE_TARNAME "thrift"
| #define PACKAGE_VERSION "0.12.0"
| #define PACKAGE_STRING "thrift 0.12.0"
| #define PACKAGE_BUGREPORT ""
| #define PACKAGE_URL ""
| #define PACKAGE "thrift"
| #define VERSION "0.12.0"
| #define STDC_HEADERS 1
| #define HAVE_SYS_TYPES_H 1
| #define HAVE_SYS_STAT_H 1
| #define HAVE_STDLIB_H 1
| #define HAVE_STRING_H 1
| #define HAVE_MEMORY_H 1
| #define HAVE_STRINGS_H 1
| #define HAVE_INTTYPES_H 1
| #define HAVE_STDINT_H 1
| #define HAVE_UNISTD_H 1
| #define HAVE_DLFCN_H 1
| #define LT_OBJDIR ".libs/"
| /* end confdefs.h.  */
| #include <ac_nonexistent.h>
configure:13430: result: g++ -E
configure:13450: g++ -E  conftest.cpp
configure:13450: $? = 0
configure:13464: g++ -E  conftest.cpp
conftest.cpp:23:10: fatal error: 'ac_nonexistent.h' file not found
#include <ac_nonexistent.h>
         ^~~~~~~~~~~~~~~~~~
1 error generated.
configure:13464: $? = 1
configure: failed program was:
| /* confdefs.h */
| #define PACKAGE_NAME "thrift"
| #define PACKAGE_TARNAME "thrift"
| #define PACKAGE_VERSION "0.12.0"
| #define PACKAGE_STRING "thrift 0.12.0"
| #define PACKAGE_BUGREPORT ""
| #define PACKAGE_URL ""
| #define PACKAGE "thrift"
| #define VERSION "0.12.0"
| #define STDC_HEADERS 1
| #define HAVE_SYS_TYPES_H 1
| #define HAVE_SYS_STAT_H 1
| #define HAVE_STDLIB_H 1
| #define HAVE_STRING_H 1
| #define HAVE_MEMORY_H 1
| #define HAVE_STRINGS_H 1
| #define HAVE_INTTYPES_H 1
| #define HAVE_STDINT_H 1
| #define HAVE_UNISTD_H 1
| #define HAVE_DLFCN_H 1
| #define LT_OBJDIR ".libs/"
| /* end confdefs.h.  */
| #include <ac_nonexistent.h>
configure:13626: checking for ld used by g++
configure:13693: result: /Library/Developer/CommandLineTools/usr/bin/ld
configure:13700: checking if the linker (/Library/Developer/CommandLineTools/usr/bin/ld) is GNU ld
configure:13715: result: no
configure:13770: checking whether the g++ linker (/Library/Developer/CommandLineTools/usr/bin/ld) supports shared libraries
configure:14843: result: yes
configure:14879: g++ -c -g -O2  conftest.cpp >&5
configure:14882: $? = 0
configure:15363: checking for g++ option to produce PIC
configure:15370: result: -fno-common -DPIC
configure:15378: checking if g++ PIC flag -fno-common -DPIC works
configure:15396: g++ -c -g -O2  -fno-common -DPIC -DPIC conftest.cpp >&5
configure:15400: $? = 0
configure:15413: result: yes
configure:15436: checking if g++ static flag -static works
configure:15464: result: no
configure:15476: checking if g++ supports -c -o file.o
configure:15497: g++ -c -g -O2  -o out/conftest2.o conftest.cpp >&5
configure:15501: $? = 0
configure:15523: result: yes
configure:15528: checking if g++ supports -c -o file.o
configure:15575: result: yes
configure:15605: checking whether the g++ linker (/Library/Developer/CommandLineTools/usr/bin/ld) supports shared libraries
configure:15645: result: yes
configure:15786: checking dynamic linker characteristics
configure:16531: result: darwin18.5.0 dyld
configure:16596: checking how to hardcode library paths into programs
configure:16621: result: immediate
configure:16682: checking whether make sets $(MAKE)
configure:16704: result: yes
configure:16722: checking for bison
configure:16738: found /usr/bin/bison
configure:16750: result: yes
configure:16769: checking for bison version >= 2.5
configure:16779: result: no
configure:16781: error: Bison version 2.5 or higher must be installed on the system!

## ---------------- ##
## Cache variables. ##
## ---------------- ##

ac_cv_build=x86_64-apple-darwin18.5.0
ac_cv_c_compiler_gnu=yes
ac_cv_cxx_compiler_gnu=yes
ac_cv_env_CABAL_CONFIGURE_FLAGS_set=
ac_cv_env_CABAL_CONFIGURE_FLAGS_value=
ac_cv_env_CCC_set=
ac_cv_env_CCC_value=
ac_cv_env_CC_set=
ac_cv_env_CC_value=
ac_cv_env_CFLAGS_set=
ac_cv_env_CFLAGS_value=
ac_cv_env_CPPFLAGS_set=
ac_cv_env_CPPFLAGS_value=
ac_cv_env_CPP_set=
ac_cv_env_CPP_value=
ac_cv_env_CXXCPP_set=
ac_cv_env_CXXCPP_value=
ac_cv_env_CXXFLAGS_set=
ac_cv_env_CXXFLAGS_value=
ac_cv_env_CXX_set=
ac_cv_env_CXX_value=
ac_cv_env_DMD_LIBEVENT_FLAGS_set=
ac_cv_env_DMD_LIBEVENT_FLAGS_value=
ac_cv_env_DMD_OPENSSL_FLAGS_set=
ac_cv_env_DMD_OPENSSL_FLAGS_value=
ac_cv_env_D_IMPORT_PREFIX_set=
ac_cv_env_D_IMPORT_PREFIX_value=
ac_cv_env_ERLANG_INSTALL_LIB_DIR_set=
ac_cv_env_ERLANG_INSTALL_LIB_DIR_thrift_set=
ac_cv_env_ERLANG_INSTALL_LIB_DIR_thrift_value=
ac_cv_env_ERLANG_INSTALL_LIB_DIR_value=
ac_cv_env_ERLCFLAGS_set=
ac_cv_env_ERLCFLAGS_value=
ac_cv_env_ERLC_set=
ac_cv_env_ERLC_value=
ac_cv_env_ERL_set=
ac_cv_env_ERL_value=
ac_cv_env_INSTALLDIRS_set=
ac_cv_env_INSTALLDIRS_value=
ac_cv_env_JAVA_PREFIX_set=
ac_cv_env_JAVA_PREFIX_value=
ac_cv_env_LDFLAGS_set=
ac_cv_env_LDFLAGS_value=
ac_cv_env_LIBS_set=
ac_cv_env_LIBS_value=
ac_cv_env_LT_SYS_LIBRARY_PATH_set=
ac_cv_env_LT_SYS_LIBRARY_PATH_value=
ac_cv_env_LUA_INCLUDE_set=
ac_cv_env_LUA_INCLUDE_value=
ac_cv_env_LUA_LIB_set=
ac_cv_env_LUA_LIB_value=
ac_cv_env_LUA_set=
ac_cv_env_LUA_value=
ac_cv_env_PERL_PREFIX_set=
ac_cv_env_PERL_PREFIX_value=
ac_cv_env_PHP_CONFIG_PREFIX_set=
ac_cv_env_PHP_CONFIG_PREFIX_value=
ac_cv_env_PHP_PREFIX_set=
ac_cv_env_PHP_PREFIX_value=
ac_cv_env_PYTHON_set=
ac_cv_env_PYTHON_value=
ac_cv_env_PY_PREFIX_set=
ac_cv_env_PY_PREFIX_value=
ac_cv_env_RUBY_PREFIX_set=
ac_cv_env_RUBY_PREFIX_value=
ac_cv_env_THRIFT_set=
ac_cv_env_THRIFT_value=
ac_cv_env_YACC_set=
ac_cv_env_YACC_value=
ac_cv_env_YFLAGS_set=
ac_cv_env_YFLAGS_value=
ac_cv_env_build_alias_set=
ac_cv_env_build_alias_value=
ac_cv_env_host_alias_set=
ac_cv_env_host_alias_value=
ac_cv_env_target_alias_set=
ac_cv_env_target_alias_value=
ac_cv_header_dlfcn_h=yes
ac_cv_header_inttypes_h=yes
ac_cv_header_memory_h=yes
ac_cv_header_stdc=yes
ac_cv_header_stdint_h=yes
ac_cv_header_stdlib_h=yes
ac_cv_header_string_h=yes
ac_cv_header_strings_h=yes
ac_cv_header_sys_stat_h=yes
ac_cv_header_sys_types_h=yes
ac_cv_header_unistd_h=yes
ac_cv_host=x86_64-apple-darwin18.5.0
ac_cv_objext=o
ac_cv_path_EGREP='/usr/bin/grep -E'
ac_cv_path_FGREP='/usr/bin/grep -F'
ac_cv_path_GREP=/usr/bin/grep
ac_cv_path_SED=/usr/bin/sed
ac_cv_path_install='/usr/bin/install -c'
ac_cv_path_lt_DD=/bin/dd
ac_cv_prog_AWK=awk
ac_cv_prog_CPP='gcc -E'
ac_cv_prog_CXXCPP='g++ -E'
ac_cv_prog_ac_ct_AR=ar
ac_cv_prog_ac_ct_CC=gcc
ac_cv_prog_ac_ct_CXX=g++
ac_cv_prog_ac_ct_DSYMUTIL=dsymutil
ac_cv_prog_ac_ct_LIPO=lipo
ac_cv_prog_ac_ct_NMEDIT=nmedit
ac_cv_prog_ac_ct_OBJDUMP=objdump
ac_cv_prog_ac_ct_OTOOL=otool
ac_cv_prog_ac_ct_RANLIB=ranlib
ac_cv_prog_ac_ct_STRIP=strip
ac_cv_prog_cc_c89=
ac_cv_prog_cc_g=yes
ac_cv_prog_cxx_g=yes
ac_cv_prog_have_prog_bison=yes
ac_cv_prog_make_make_set=yes
am_cv_CC_dependencies_compiler_type=gcc3
am_cv_CXX_dependencies_compiler_type=gcc3
am_cv_make_support_nested_variables=yes
am_cv_prog_cc_c_o=yes
am_cv_prog_tar_ustar=gnutar
lt_cv_apple_cc_single_mod=yes
lt_cv_ar_at_file=no
lt_cv_deplibs_check_method=pass_all
lt_cv_file_magic_cmd='$MAGIC_CMD'
lt_cv_file_magic_test_file=
lt_cv_ld_exported_symbols_list=yes
lt_cv_ld_force_load=yes
lt_cv_ld_reload_flag=-r
lt_cv_nm_interface='BSD nm'
lt_cv_objdir=.libs
lt_cv_path_LD=/Library/Developer/CommandLineTools/usr/bin/ld
lt_cv_path_LDCXX=/Library/Developer/CommandLineTools/usr/bin/ld
lt_cv_path_NM='/usr/bin/nm -B'
lt_cv_path_mainfest_tool=no
lt_cv_prog_compiler_c_o=yes
lt_cv_prog_compiler_c_o_CXX=yes
lt_cv_prog_compiler_pic='-fno-common -DPIC'
lt_cv_prog_compiler_pic_CXX='-fno-common -DPIC'
lt_cv_prog_compiler_pic_works=yes
lt_cv_prog_compiler_pic_works_CXX=yes
lt_cv_prog_compiler_rtti_exceptions=yes
lt_cv_prog_compiler_static_works=no
lt_cv_prog_compiler_static_works_CXX=no
lt_cv_prog_gnu_ld=no
lt_cv_prog_gnu_ldcxx=no
lt_cv_sharedlib_from_linklib_cmd='printf %s\n'
lt_cv_sys_global_symbol_pipe='sed -n -e '\''s/^.*[	 ]\([BCDEGRST][BCDEGRST]*\)[	 ][	 ]*_\([_A-Za-z][_A-Za-z0-9]*\)$/\1 _\2 \2/p'\'' | sed '\''/ __gnu_lto/d'\'''
lt_cv_sys_global_symbol_to_c_name_address='sed -n -e '\''s/^: \(.*\) .*$/  {"\1", (void *) 0},/p'\'' -e '\''s/^[BCDEGRST][BCDEGRST]* .* \(.*\)$/  {"\1", (void *) \&\1},/p'\'''
lt_cv_sys_global_symbol_to_c_name_address_lib_prefix='sed -n -e '\''s/^: \(.*\) .*$/  {"\1", (void *) 0},/p'\'' -e '\''s/^[BCDEGRST][BCDEGRST]* .* \(lib.*\)$/  {"\1", (void *) \&\1},/p'\'' -e '\''s/^[BCDEGRST][BCDEGRST]* .* \(.*\)$/  {"lib\1", (void *) \&\1},/p'\'''
lt_cv_sys_global_symbol_to_cdecl='sed -n -e '\''s/^T .* \(.*\)$/extern int \1();/p'\'' -e '\''s/^[BCDEGRST][BCDEGRST]* .* \(.*\)$/extern char \1;/p'\'''
lt_cv_sys_global_symbol_to_import=
lt_cv_sys_max_cmd_len=196608
lt_cv_to_host_file_cmd=func_convert_file_noop
lt_cv_to_tool_file_cmd=func_convert_file_noop
lt_cv_truncate_bin='/bin/dd bs=4096 count=1'

## ----------------- ##
## Output variables. ##
## ----------------- ##

ACLOCAL='${SHELL} /Users/Mat/Study/Zembol_Mateusz_4/thrift-0.12.0/missing aclocal-1.16'
ALLOCA=''
AMDEPBACKSLASH='\'
AMDEP_FALSE='#'
AMDEP_TRUE=''
AMTAR='$${TAR-tar}'
AMX_HAVE_LIBEVENT_FALSE=''
AMX_HAVE_LIBEVENT_TRUE=''
AMX_HAVE_QT5_FALSE=''
AMX_HAVE_QT5_TRUE=''
AMX_HAVE_QT_FALSE=''
AMX_HAVE_QT_TRUE=''
AMX_HAVE_ZLIB_FALSE=''
AMX_HAVE_ZLIB_TRUE=''
AM_BACKSLASH='\'
AM_DEFAULT_V='$(AM_DEFAULT_VERBOSITY)'
AM_DEFAULT_VERBOSITY='1'
AM_V='$(V)'
ANT=''
ANT_FLAGS=''
AR='ar'
AUTOCONF='${SHELL} /Users/Mat/Study/Zembol_Mateusz_4/thrift-0.12.0/missing autoconf'
AUTOHEADER='${SHELL} /Users/Mat/Study/Zembol_Mateusz_4/thrift-0.12.0/missing autoheader'
AUTOMAKE='${SHELL} /Users/Mat/Study/Zembol_Mateusz_4/thrift-0.12.0/missing automake-1.16'
AWK='awk'
BISON=':'
BISON_USE_PARSER_H_EXTENSION_FALSE=''
BISON_USE_PARSER_H_EXTENSION_TRUE=''
BOOST_CHRONO_LDADD=''
BOOST_CPPFLAGS=''
BOOST_FILESYSTEM_LDADD=''
BOOST_LDFLAGS=''
BOOST_LIB_DIR=''
BOOST_SYSTEM_LDADD=''
BOOST_TEST_LDADD=''
BOOST_THREAD_LDADD=''
BUNDLER=''
CABAL=''
CABAL_CONFIGURE_FLAGS=''
CARGO=''
CC='gcc'
CCDEPMODE='depmode=gcc3'
CFLAGS='-g -O2'
CLASSPATH=''
CPP='gcc -E'
CPPFLAGS=''
CPPSTYLE_CMD=''
CXX='g++'
CXXCPP='g++ -E'
CXXDEPMODE='depmode=gcc3'
CXXFLAGS='-g -O2'
CYGPATH_W='echo'
DART=''
DARTPUB=''
DEFS=''
DEPDIR='.deps'
DLLTOOL='false'
DMD=''
DMD_LIBEVENT_FLAGS=''
DMD_OF_DIRSEP=''
DMD_OPENSSL_FLAGS=''
DMD_OPTLINK_FALSE=''
DMD_OPTLINK_TRUE=''
DOTNETCORE=''
DOTNETCORE_VERSION=''
DSYMUTIL='dsymutil'
DUMPBIN=''
D_EVENT_LIB_NAME=''
D_IMPORT_PREFIX='${prefix}/include/d2'
D_LIB_NAME=''
D_SSL_LIB_NAME=''
ECHO_C='\c'
ECHO_N=''
ECHO_T=''
EGREP='/usr/bin/grep -E'
ENABLE_COVERAGE=''
ERL=''
ERLANG_INSTALL_LIB_DIR=''
ERLANG_INSTALL_LIB_DIR_thrift=''
ERLANG_LIB_DIR=''
ERLANG_OTP16_FALSE=''
ERLANG_OTP16_TRUE=''
ERLC=''
ERLCFLAGS=''
EXEEXT=''
FGREP='/usr/bin/grep -F'
GCOV_CFLAGS=''
GCOV_CXXFLAGS=''
GCOV_LDFLAGS=''
GO=''
GOVERSION_LT_17_FALSE=''
GOVERSION_LT_17_TRUE=''
GRADLE_OPTS=''
GREP='/usr/bin/grep'
HAVE_BUNDLER_FALSE=''
HAVE_BUNDLER_TRUE=''
HAVE_CXX11=''
HAVE_DEIMOS_EVENT2_FALSE=''
HAVE_DEIMOS_EVENT2_TRUE=''
HAVE_DEIMOS_OPENSSL_FALSE=''
HAVE_DEIMOS_OPENSSL_TRUE=''
HAVE_NPM_FALSE=''
HAVE_NPM_TRUE=''
HAXE=''
HAXE_VERSION=''
INSTALLDIRS='vendor'
INSTALL_DATA='${INSTALL} -m 644'
INSTALL_PROGRAM='${INSTALL}'
INSTALL_SCRIPT='${INSTALL}'
INSTALL_STRIP_PROGRAM='$(install_sh) -c -s'
JAVA_PREFIX='/usr/local/lib'
LD='/Library/Developer/CommandLineTools/usr/bin/ld'
LDFLAGS=''
LEX=''
LEXLIB=''
LEX_OUTPUT_ROOT=''
LIBEVENT_CPPFLAGS=''
LIBEVENT_LDFLAGS=''
LIBEVENT_LIBS=''
LIBOBJS=''
LIBS=''
LIBTOOL='$(SHELL) $(top_builddir)/libtool'
LIPO='lipo'
LN_S='ln -s'
LTLIBOBJS=''
LT_SYS_LIBRARY_PATH=''
LUA=''
LUA_EXEC_PREFIX=''
LUA_INCLUDE=''
LUA_LIB=''
LUA_PLATFORM=''
LUA_PREFIX=''
LUA_SHORT_VERSION=''
LUA_VERSION=''
MAKEINFO='${SHELL} /Users/Mat/Study/Zembol_Mateusz_4/thrift-0.12.0/missing makeinfo'
MANIFEST_TOOL=':'
MAYBE_CL=''
MAYBE_CPP=''
MAYBE_CSHARP=''
MAYBE_C_GLIB=''
MAYBE_D=''
MAYBE_DART=''
MAYBE_DOTNETCORE=''
MAYBE_ERLANG=''
MAYBE_GO=''
MAYBE_HASKELL=''
MAYBE_JAVA=''
MAYBE_LUA=''
MAYBE_NODEJS=''
MAYBE_NODETS=''
MAYBE_PERL=''
MAYBE_PHP=''
MAYBE_PY3=''
MAYBE_PYTHON=''
MAYBE_RS=''
MAYBE_RUBY=''
MCS=''
MINGW_FALSE=''
MINGW_TRUE=''
MKDIR_P='./install-sh -c -d'
MONO_MCS_FALSE=''
MONO_MCS_TRUE=''
NET_2_0_FALSE=''
NET_2_0_TRUE=''
NM='/usr/bin/nm -B'
NMEDIT='nmedit'
NODEJS=''
NODETS=''
NPM=''
OBJDUMP='objdump'
OBJEXT='o'
OPENSSL_INCLUDES=''
OPENSSL_LDFLAGS=''
OPENSSL_LIBS=''
OTOOL64=':'
OTOOL='otool'
PACKAGE='thrift'
PACKAGE_BUGREPORT=''
PACKAGE_NAME='thrift'
PACKAGE_STRING='thrift 0.12.0'
PACKAGE_TARNAME='thrift'
PACKAGE_URL=''
PACKAGE_VERSION='0.12.0'
PATH_SEPARATOR=':'
PERL=''
PERL_PREFIX='/usr/local'
PHP=''
PHP_CONFIG=''
PHP_CONFIG_PREFIX='/etc/php.d'
PHP_PREFIX='/usr/lib/php'
PKG_CONFIG=''
PYTHON3=''
PYTHON=''
PYTHON_EXEC_PREFIX=''
PYTHON_PLATFORM=''
PYTHON_PREFIX=''
PYTHON_VERSION=''
PY_PREFIX='/usr'
QT5_MOC=''
QT5_REDUCE_RELOCATIONS_FALSE=''
QT5_REDUCE_RELOCATIONS_TRUE=''
QT_MOC=''
RANLIB='ranlib'
REBAR=''
RUBY=''
RUBY_PREFIX=''
RUNHASKELL=''
RUSTC=''
SBCL=''
SED='/usr/bin/sed'
SET_MAKE=''
SHELL='/bin/sh'
STRIP='strip'
THRIFT='/Users/Mat/Study/Zembol_Mateusz_4/thrift-0.12.0/compiler/cpp/thrift'
TRIAL=''
VERSION='0.12.0'
WITH_BOOSTTHREADS_FALSE=''
WITH_BOOSTTHREADS_TRUE=''
WITH_CL_FALSE=''
WITH_CL_TRUE=''
WITH_CPP_FALSE=''
WITH_CPP_TRUE=''
WITH_C_GLIB_FALSE=''
WITH_C_GLIB_TRUE=''
WITH_DART_FALSE=''
WITH_DART_TRUE=''
WITH_DOTNETCORE_FALSE=''
WITH_DOTNETCORE_TRUE=''
WITH_D_EVENT_TESTS_FALSE=''
WITH_D_EVENT_TESTS_TRUE=''
WITH_D_FALSE=''
WITH_D_SSL_TESTS_FALSE=''
WITH_D_SSL_TESTS_TRUE=''
WITH_D_TRUE=''
WITH_ERLANG_FALSE=''
WITH_ERLANG_TRUE=''
WITH_GO_FALSE=''
WITH_GO_TRUE=''
WITH_HASKELL_FALSE=''
WITH_HASKELL_TRUE=''
WITH_HAXE_FALSE=''
WITH_HAXE_TRUE=''
WITH_JAVA_FALSE=''
WITH_JAVA_TRUE=''
WITH_LUA_FALSE=''
WITH_LUA_TRUE=''
WITH_MONO_FALSE=''
WITH_MONO_TRUE=''
WITH_NODEJS_FALSE=''
WITH_NODEJS_TRUE=''
WITH_NODETS_FALSE=''
WITH_NODETS_TRUE=''
WITH_PERL_FALSE=''
WITH_PERL_TRUE=''
WITH_PHP_EXTENSION_FALSE=''
WITH_PHP_EXTENSION_TRUE=''
WITH_PHP_FALSE=''
WITH_PHP_TRUE=''
WITH_PLUGIN_FALSE=''
WITH_PLUGIN_TRUE=''
WITH_PY3_FALSE=''
WITH_PY3_TRUE=''
WITH_PYTHON_FALSE=''
WITH_PYTHON_TRUE=''
WITH_RS_FALSE=''
WITH_RS_TRUE=''
WITH_RUBY_FALSE=''
WITH_RUBY_TRUE=''
WITH_TESTS_FALSE=''
WITH_TESTS_TRUE=''
WITH_TUTORIAL_FALSE=''
WITH_TUTORIAL_TRUE=''
WITH_TWISTED_TEST_FALSE=''
WITH_TWISTED_TEST_TRUE=''
YACC=''
YFLAGS=''
ZLIB_CPPFLAGS=''
ZLIB_LDFLAGS=''
ZLIB_LIBS=''
ac_ct_AR='ar'
ac_ct_CC='gcc'
ac_ct_CXX='g++'
ac_ct_DUMPBIN=''
am__EXEEXT_FALSE=''
am__EXEEXT_TRUE=''
am__fastdepCC_FALSE='#'
am__fastdepCC_TRUE=''
am__fastdepCXX_FALSE='#'
am__fastdepCXX_TRUE=''
am__include='include'
am__isrc=''
am__leading_dot='.'
am__nodep='_no'
am__quote=''
am__tar='tar --format=ustar -chf - "$$tardir"'
am__untar='tar -xf -'
bindir='${exec_prefix}/bin'
build='x86_64-apple-darwin18.5.0'
build_alias=''
build_cpu='x86_64'
build_os='darwin18.5.0'
build_vendor='apple'
datadir='${datarootdir}'
datarootdir='${prefix}/share'
docdir='${datarootdir}/doc/${PACKAGE_TARNAME}'
dvidir='${docdir}'
exec_prefix='NONE'
golang_version=''
have_prog_bison='yes'
host='x86_64-apple-darwin18.5.0'
host_alias=''
host_cpu='x86_64'
host_os='darwin18.5.0'
host_vendor='apple'
htmldir='${docdir}'
includedir='${prefix}/include'
infodir='${datarootdir}/info'
install_sh='${SHELL} /Users/Mat/Study/Zembol_Mateusz_4/thrift-0.12.0/install-sh'
libdir='${exec_prefix}/lib'
libexecdir='${exec_prefix}/libexec'
localedir='${datarootdir}/locale'
localstatedir='${prefix}/var'
luadir=''
luaexecdir=''
mandir='${datarootdir}/man'
mkdir_p='$(MKDIR_P)'
oldincludedir='/usr/include'
pdfdir='${docdir}'
pkgluadir=''
pkgluaexecdir=''
pkgpyexecdir=''
pkgpythondir=''
prefix='NONE'
program_transform_name='s,x,x,'
psdir='${docdir}'
pyexecdir=''
pythondir=''
rustc_version=''
sbindir='${exec_prefix}/sbin'
sharedstatedir='${prefix}/com'
subdirs=''
sysconfdir='${prefix}/etc'
target_alias=''

## ----------- ##
## confdefs.h. ##
## ----------- ##

/* confdefs.h */
#define PACKAGE_NAME "thrift"
#define PACKAGE_TARNAME "thrift"
#define PACKAGE_VERSION "0.12.0"
#define PACKAGE_STRING "thrift 0.12.0"
#define PACKAGE_BUGREPORT ""
#define PACKAGE_URL ""
#define PACKAGE "thrift"
#define VERSION "0.12.0"
#define STDC_HEADERS 1
#define HAVE_SYS_TYPES_H 1
#define HAVE_SYS_STAT_H 1
#define HAVE_STDLIB_H 1
#define HAVE_STRING_H 1
#define HAVE_MEMORY_H 1
#define HAVE_STRINGS_H 1
#define HAVE_INTTYPES_H 1
#define HAVE_STDINT_H 1
#define HAVE_UNISTD_H 1
#define HAVE_DLFCN_H 1
#define LT_OBJDIR ".libs/"
#define BISON_VERSION 0.0
#define BISON_VERSION 2.3

configure: exit 1
